<?xml version="1.0" encoding="UTF-8"?>
<!-- Generated by org.testng.reporters.JUnitReportReporter -->
<testsuite hostname="DESKTOP-QG9NHG8" failures="0" tests="1" name="testCases.TC002_LoginTest" time="2.837" errors="0" timestamp="2024-09-10T22:37:45 IST" skipped="0">
  <testcase classname="testCases.TC002_LoginTest" name="verifyLogin" time="2.837"/>
</testsuite> <!-- testCases.TC002_LoginTest -->
